0 info it worked if it ends with ok
1 verbose cli [ '/home/vagrant/.nvm/versions/node/v7.5.0/bin/node',
1 verbose cli   '/home/vagrant/.nvm/versions/node/v7.5.0/bin/npm',
1 verbose cli   'run',
1 verbose cli   'watch-css' ]
2 info using npm@4.1.2
3 info using node@v7.5.0
4 verbose run-script [ 'prewatch-css', 'watch-css', 'postwatch-css' ]
5 info lifecycle tweeter@1.0.0~prewatch-css: tweeter@1.0.0
6 silly lifecycle tweeter@1.0.0~prewatch-css: no script for prewatch-css, continuing
7 info lifecycle tweeter@1.0.0~watch-css: tweeter@1.0.0
8 verbose lifecycle tweeter@1.0.0~watch-css: unsafe-perm in lifecycle true
9 verbose lifecycle tweeter@1.0.0~watch-css: PATH: /home/vagrant/.nvm/versions/node/v7.5.0/lib/node_modules/npm/bin/node-gyp-bin:/vagrant/tweetr/node_modules/.bin:/home/vagrant/.nvm/versions/node/v7.5.0/bin:/home/vagrant/.rvm/gems/ruby-2.3.0/bin:/home/vagrant/.rvm/gems/ruby-2.3.0@global/bin:/home/vagrant/.rvm/rubies/ruby-2.3.0/bin:/usr/local/sbin:/usr/local/bin:/usr/sbin:/usr/bin:/sbin:/bin:/usr/games:/usr/local/games:/home/vagrant/.rvm/bin:/home/vagrant/.rvm/bin
10 verbose lifecycle tweeter@1.0.0~watch-css: CWD: /vagrant/tweetr
11 silly lifecycle tweeter@1.0.0~watch-css: Args: [ '-c',
11 silly lifecycle   '/node_modules/.bin/node-sass --watch --recursive --output scss --source-map true --source-map-contents public/styles' ]
12 info lifecycle tweeter@1.0.0~watch-css: Failed to exec watch-css script
13 verbose stack Error: tweeter@1.0.0 watch-css: `/node_modules/.bin/node-sass --watch --recursive --output scss --source-map true --source-map-contents public/styles`
13 verbose stack spawn ENOENT
13 verbose stack     at ChildProcess.<anonymous> (/home/vagrant/.nvm/versions/node/v7.5.0/lib/node_modules/npm/lib/utils/spawn.js:33:16)
13 verbose stack     at emitTwo (events.js:106:13)
13 verbose stack     at ChildProcess.emit (events.js:192:7)
13 verbose stack     at maybeClose (internal/child_process.js:890:16)
13 verbose stack     at Process.ChildProcess._handle.onexit (internal/child_process.js:226:5)
14 verbose pkgid tweeter@1.0.0
15 verbose cwd /vagrant/tweetr
16 error Linux 4.4.0-21-generic
17 error argv "/home/vagrant/.nvm/versions/node/v7.5.0/bin/node" "/home/vagrant/.nvm/versions/node/v7.5.0/bin/npm" "run" "watch-css"
18 error node v7.5.0
19 error npm  v4.1.2
20 error file sh
21 error code ELIFECYCLE
22 error errno ENOENT
23 error syscall spawn
24 error tweeter@1.0.0 watch-css: `/node_modules/.bin/node-sass --watch --recursive --output scss --source-map true --source-map-contents public/styles`
24 error spawn ENOENT
25 error Failed at the tweeter@1.0.0 watch-css script '/node_modules/.bin/node-sass --watch --recursive --output scss --source-map true --source-map-contents public/styles'.
25 error Make sure you have the latest version of node.js and npm installed.
25 error If you do, this is most likely a problem with the tweeter package,
25 error not with npm itself.
25 error Tell the author that this fails on your system:
25 error     /node_modules/.bin/node-sass --watch --recursive --output scss --source-map true --source-map-contents public/styles
25 error You can get information on how to open an issue for this project with:
25 error     npm bugs tweeter
25 error Or if that isn't available, you can get their info via:
25 error     npm owner ls tweeter
25 error There is likely additional logging output above.
26 verbose exit [ 1, true ]
